[debug] [2023-05-26T02:32:11.360Z] ----------------------------------------------------------------------
[debug] [2023-05-26T02:32:11.361Z] Command:       /usr/local/bin/node /usr/local/bin/firebase serve
[debug] [2023-05-26T02:32:11.362Z] CLI Version:   12.2.1
[debug] [2023-05-26T02:32:11.362Z] Platform:      darwin
[debug] [2023-05-26T02:32:11.363Z] Node Version:  v18.13.0
[debug] [2023-05-26T02:32:11.368Z] Time:          Fri May 26 2023 03:32:11 GMT+0100 (British Summer Time)
[debug] [2023-05-26T02:32:11.368Z] ----------------------------------------------------------------------
[debug] 
[debug] [2023-05-26T02:32:11.531Z] > command requires scopes: ["email","openid","https://www.googleapis.com/auth/cloudplatformprojects.readonly","https://www.googleapis.com/auth/firebase","https://www.googleapis.com/auth/cloud-platform"]
[debug] [2023-05-26T02:32:11.532Z] > authorizing via signed-in user (blairallan98@gmail.com)
[debug] [2023-05-26T02:32:11.533Z] [iam] checking project personal-portfolio7 for permissions ["firebase.projects.get"]
[debug] [2023-05-26T02:32:11.534Z] > refreshing access token with scopes: []
[debug] [2023-05-26T02:32:11.536Z] >>> [apiv2][query] POST https://www.googleapis.com/oauth2/v3/token [none]
[debug] [2023-05-26T02:32:11.537Z] >>> [apiv2][body] POST https://www.googleapis.com/oauth2/v3/token [omitted]
[debug] [2023-05-26T02:32:11.706Z] <<< [apiv2][status] POST https://www.googleapis.com/oauth2/v3/token 200
[debug] [2023-05-26T02:32:11.708Z] <<< [apiv2][body] POST https://www.googleapis.com/oauth2/v3/token [omitted]
[debug] [2023-05-26T02:32:11.720Z] >>> [apiv2][query] POST https://cloudresourcemanager.googleapis.com/v1/projects/personal-portfolio7:testIamPermissions [none]
[debug] [2023-05-26T02:32:11.722Z] >>> [apiv2][(partial)header] POST https://cloudresourcemanager.googleapis.com/v1/projects/personal-portfolio7:testIamPermissions x-goog-quota-user=projects/personal-portfolio7
[debug] [2023-05-26T02:32:11.722Z] >>> [apiv2][body] POST https://cloudresourcemanager.googleapis.com/v1/projects/personal-portfolio7:testIamPermissions {"permissions":["firebase.projects.get"]}
[debug] [2023-05-26T02:32:12.443Z] <<< [apiv2][status] POST https://cloudresourcemanager.googleapis.com/v1/projects/personal-portfolio7:testIamPermissions 200
[debug] [2023-05-26T02:32:12.445Z] <<< [apiv2][body] POST https://cloudresourcemanager.googleapis.com/v1/projects/personal-portfolio7:testIamPermissions {"permissions":["firebase.projects.get"]}
[debug] [2023-05-26T02:32:12.447Z] >>> [apiv2][query] GET https://firebase.googleapis.com/v1beta1/projects/personal-portfolio7 [none]
[debug] [2023-05-26T02:32:12.761Z] <<< [apiv2][status] GET https://firebase.googleapis.com/v1beta1/projects/personal-portfolio7 200
[debug] [2023-05-26T02:32:12.763Z] <<< [apiv2][body] GET https://firebase.googleapis.com/v1beta1/projects/personal-portfolio7 {"projectId":"personal-portfolio7","projectNumber":"375674882938","displayName":"Personal-Portfolio","name":"projects/personal-portfolio7","resources":{"hostingSite":"personal-portfolio7"},"state":"ACTIVE","etag":"1_9dd64693-13c5-4a6e-8140-b1025832a481"}
[info] 
[info] === Serving from '/Users/blairallan/Documents/GitHub/Jekyll-Website'...
[info] 
[debug] [2023-05-26T02:32:12.776Z] >>> [apiv2][query] GET https://firebasehosting.googleapis.com/v1beta1/projects/personal-portfolio7/sites 
[debug] [2023-05-26T02:32:13.757Z] <<< [apiv2][status] GET https://firebasehosting.googleapis.com/v1beta1/projects/personal-portfolio7/sites 200
[debug] [2023-05-26T02:32:13.758Z] <<< [apiv2][body] GET https://firebasehosting.googleapis.com/v1beta1/projects/personal-portfolio7/sites {"sites":[{"name":"projects/personal-portfolio7/sites/personal-portfolio7","defaultUrl":"https://personal-portfolio7.web.app","type":"DEFAULT_SITE"}]}
[debug] [2023-05-26T02:32:13.759Z] >>> [apiv2][query] GET https://firebase.googleapis.com/v1beta1/projects/personal-portfolio7/webApps/-/config [none]
[debug] [2023-05-26T02:32:14.357Z] <<< [apiv2][status] GET https://firebase.googleapis.com/v1beta1/projects/personal-portfolio7/webApps/-/config 200
[debug] [2023-05-26T02:32:14.358Z] <<< [apiv2][body] GET https://firebase.googleapis.com/v1beta1/projects/personal-portfolio7/webApps/-/config {"projectId":"personal-portfolio7","storageBucket":"personal-portfolio7.appspot.com","apiKey":"AIzaSyAqvNiqjS1uGSemPcBBmiEVnd5earqdwnU","authDomain":"personal-portfolio7.firebaseapp.com","messagingSenderId":"375674882938"}
[debug] [2023-05-26T02:32:14.372Z] >>> [apiv2][query] GET https://firebase.googleapis.com/v1beta1/projects/personal-portfolio7 [none]
[debug] [2023-05-26T02:32:14.643Z] <<< [apiv2][status] GET https://firebase.googleapis.com/v1beta1/projects/personal-portfolio7 200
[debug] [2023-05-26T02:32:14.645Z] <<< [apiv2][body] GET https://firebase.googleapis.com/v1beta1/projects/personal-portfolio7 {"projectId":"personal-portfolio7","projectNumber":"375674882938","displayName":"Personal-Portfolio","name":"projects/personal-portfolio7","resources":{"hostingSite":"personal-portfolio7"},"state":"ACTIVE","etag":"1_9dd64693-13c5-4a6e-8140-b1025832a481"}
[info] i  hosting[personal-portfolio7]: Serving hosting files from: public {"metadata":{"emulator":{"name":"hosting"},"message":"Serving hosting files from: \u001b[1mpublic\u001b[22m"}}
[info] ✔  hosting[personal-portfolio7]: Local server: http://localhost:5002 {"metadata":{"emulator":{"name":"hosting"},"message":"Local server: \u001b[4m\u001b[1mhttp://localhost:5002\u001b[22m\u001b[24m"}}
[info] i  hosting: ::1 - - [26/May/2023:02:32:23 +0000] "GET / HTTP/1.1" 200 - "-" "Mozilla/5.0 (Macintosh; Intel Mac OS X 10_15_7) AppleWebKit/605.1.15 (KHTML, like Gecko) Version/16.2 Safari/605.1.15" {"metadata":{"emulator":{"name":"hosting"},"message":"::1 - - [26/May/2023:02:32:23 +0000] \"GET / HTTP/1.1\" 200 - \"-\" \"Mozilla/5.0 (Macintosh; Intel Mac OS X 10_15_7) AppleWebKit/605.1.15 (KHTML, like Gecko) Version/16.2 Safari/605.1.15\""}}
[info] i  hosting: ::1 - - [26/May/2023:02:32:24 +0000] "GET /assets/css/main.css HTTP/1.1" 200 - "http://localhost:5002/" "Mozilla/5.0 (Macintosh; Intel Mac OS X 10_15_7) AppleWebKit/605.1.15 (KHTML, like Gecko) Version/16.2 Safari/605.1.15" {"metadata":{"emulator":{"name":"hosting"},"message":"::1 - - [26/May/2023:02:32:24 +0000] \"GET /assets/css/main.css HTTP/1.1\" 200 - \"http://localhost:5002/\" \"Mozilla/5.0 (Macintosh; Intel Mac OS X 10_15_7) AppleWebKit/605.1.15 (KHTML, like Gecko) Version/16.2 Safari/605.1.15\""}}
[info] i  hosting: ::1 - - [26/May/2023:02:32:24 +0000] "GET /assets/images/blair-image.jpg HTTP/1.1" 200 437938 "http://localhost:5002/" "Mozilla/5.0 (Macintosh; Intel Mac OS X 10_15_7) AppleWebKit/605.1.15 (KHTML, like Gecko) Version/16.2 Safari/605.1.15" {"metadata":{"emulator":{"name":"hosting"},"message":"::1 - - [26/May/2023:02:32:24 +0000] \"GET /assets/images/blair-image.jpg HTTP/1.1\" 200 437938 \"http://localhost:5002/\" \"Mozilla/5.0 (Macintosh; Intel Mac OS X 10_15_7) AppleWebKit/605.1.15 (KHTML, like Gecko) Version/16.2 Safari/605.1.15\""}}
